 
****************************************
Report : timing
        -path full
        -delay max
        -max_paths 1
Design : SME
Version: Q-2019.12
Date   : Wed Mar 19 02:19:05 2025
****************************************

Operating Conditions: slow   Library: slow
Wire Load Model Mode: top

  Startpoint: isstring (input port clocked by clk)
  Endpoint: counter3_reg_4_
            (rising edge-triggered flip-flop clocked by clk)
  Path Group: clk
  Path Type: max

  Des/Clust/Port     Wire Load Model       Library
  ------------------------------------------------
  SME                tsmc13_wl10           slow

  Point                                    Incr       Path
  -----------------------------------------------------------
  clock clk (fall edge)                   10.00      10.00
  clock network delay (ideal)              0.50      10.50
  input external delay                     0.00      10.50 f
  isstring (in)                            0.02      10.52 f
  U2703/Y (NOR2X2)                         0.63      11.15 r
  U1654/Y (INVXL)                          0.26      11.41 f
  U1790/Y (BUFX2)                          0.54      11.94 f
  U1955/Y (NOR2X2)                         0.70      12.64 r
  U1659/Y (INVX1)                          0.53      13.17 f
  U3092/Y (NOR2X1)                         0.59      13.75 r
  U1655/Y (INVX1)                          0.47      14.23 f
  U1797/Y (NOR3XL)                         0.87      15.09 r
  U1798/Y (NAND2XL)                        0.44      15.53 f
  U3110/Y (AOI2BB2X1)                      0.39      15.92 f
  U3111/Y (OAI21XL)                        0.32      16.24 r
  counter3_reg_4_/D (DFFRX2)               0.00      16.24 r
  data arrival time                                  16.24

  clock clk (rise edge)                   20.00      20.00
  clock network delay (ideal)              0.50      20.50
  clock uncertainty                       -0.10      20.40
  counter3_reg_4_/CK (DFFRX2)              0.00      20.40 r
  library setup time                      -0.23      20.17
  data required time                                 20.17
  -----------------------------------------------------------
  data required time                                 20.17
  data arrival time                                 -16.24
  -----------------------------------------------------------
  slack (MET)                                         3.92


1
