 
****************************************
Report : area
Design : JAM
Version: Q-2019.12
Date   : Mon Mar 10 22:46:48 2025
****************************************

Library(s) Used:

    slow (File: /cad/designkit/CBDK_IC_Contest_v2.5/SynopsysDC/db/slow.db)

Number of ports:                           30
Number of nets:                           583
Number of cells:                          510
Number of combinational cells:            439
Number of sequential cells:                71
Number of macros/black boxes:               0
Number of buf/inv:                         82
Number of references:                      69

Combinational area:               3676.568450
Buf/Inv area:                      568.628997
Noncombinational area:            2306.766562
Macro/Black Box area:                0.000000
Net Interconnect area:           73127.033997

Total cell area:                  5983.335012
Total area:                      79110.369008
1
